This is XeTeX, Version 3.141592653-2.6-0.999994 (TeX Live 2022) (preloaded format=xelatex 2024.5.6)  26 AUG 2024 17:36
entering extended mode
 restricted \write18 enabled.
 %&-line parsing enabled.
**_main.tex
(./_main.tex
LaTeX2e <2022-11-01> patch level 1
L3 programming layer <2023-01-16> (/Users/mauriciomardones/Library/TinyTeX/texmf-dist/tex/latex/base/book.cls
Document Class: book 2022/07/02 v1.4n Standard LaTeX document class
(/Users/mauriciomardones/Library/TinyTeX/texmf-dist/tex/latex/base/bk10.clo
File: bk10.clo 2022/07/02 v1.4n Standard LaTeX file (size option)
)
\c@part=\count181
\c@chapter=\count182
\c@section=\count183
\c@subsection=\count184
\c@subsubsection=\count185
\c@paragraph=\count186
\c@subparagraph=\count187
\c@figure=\count188
\c@table=\count189
\abovecaptionskip=\skip48
\belowcaptionskip=\skip49
\bibindent=\dimen140
) (/Users/mauriciomardones/Library/TinyTeX/texmf-dist/tex/latex/amsmath/amsmath.sty
Package: amsmath 2022/04/08 v2.17n AMS math features
\@mathmargin=\skip50
For additional information on amsmath, use the `?' option.
(/Users/mauriciomardones/Library/TinyTeX/texmf-dist/tex/latex/amsmath/amstext.sty
Package: amstext 2021/08/26 v2.01 AMS text
(/Users/mauriciomardones/Library/TinyTeX/texmf-dist/tex/latex/amsmath/amsgen.sty
File: amsgen.sty 1999/11/30 v2.0 generic functions
\@emptytoks=\toks16
\ex@=\dimen141
)) (/Users/mauriciomardones/Library/TinyTeX/texmf-dist/tex/latex/amsmath/amsbsy.sty
Package: amsbsy 1999/11/29 v1.2d Bold Symbols
\pmbraise@=\dimen142
) (/Users/mauriciomardones/Library/TinyTeX/texmf-dist/tex/latex/amsmath/amsopn.sty
Package: amsopn 2022/04/08 v2.04 operator names
)
\inf@bad=\count190
LaTeX Info: Redefining \frac on input line 234.
\uproot@=\count191
\leftroot@=\count192
LaTeX Info: Redefining \overline on input line 399.
LaTeX Info: Redefining \colon on input line 410.
\classnum@=\count193
\DOTSCASE@=\count194
LaTeX Info: Redefining \ldots on input line 496.
LaTeX Info: Redefining \dots on input line 499.
LaTeX Info: Redefining \cdots on input line 620.
\Mathstrutbox@=\box51
\strutbox@=\box52
LaTeX Info: Redefining \big on input line 722.
LaTeX Info: Redefining \Big on input line 723.
LaTeX Info: Redefining \bigg on input line 724.
LaTeX Info: Redefining \Bigg on input line 725.
\big@size=\dimen143
LaTeX Font Info:    Redeclaring font encoding OML on input line 743.
LaTeX Font Info:    Redeclaring font encoding OMS on input line 744.
\macc@depth=\count195
LaTeX Info: Redefining \bmod on input line 905.
LaTeX Info: Redefining \pmod on input line 910.
LaTeX Info: Redefining \smash on input line 940.
LaTeX Info: Redefining \relbar on input line 970.
LaTeX Info: Redefining \Relbar on input line 971.
\c@MaxMatrixCols=\count196
\dotsspace@=\muskip16
\c@parentequation=\count197
\dspbrk@lvl=\count198
\tag@help=\toks17
\row@=\count199
\column@=\count266
\maxfields@=\count267
\andhelp@=\toks18
\eqnshift@=\dimen144
\alignsep@=\dimen145
\tagshift@=\dimen146
\tagwidth@=\dimen147
\totwidth@=\dimen148
\lineht@=\dimen149
\@envbody=\toks19
\multlinegap=\skip51
\multlinetaggap=\skip52
\mathdisplay@stack=\toks20
LaTeX Info: Redefining \[ on input line 2953.
LaTeX Info: Redefining \] on input line 2954.
) (/Users/mauriciomardones/Library/TinyTeX/texmf-dist/tex/latex/amsfonts/amssymb.sty
Package: amssymb 2013/01/14 v3.01 AMS font symbols
(/Users/mauriciomardones/Library/TinyTeX/texmf-dist/tex/latex/amsfonts/amsfonts.sty
Package: amsfonts 2013/01/14 v3.01 Basic AMSFonts support
\symAMSa=\mathgroup4
\symAMSb=\mathgroup5
LaTeX Font Info:    Redeclaring math symbol \hbar on input line 98.
LaTeX Font Info:    Overwriting math alphabet `\mathfrak' in version `bold'
(Font)                  U/euf/m/n --> U/euf/b/n on input line 106.
)) (/Users/mauriciomardones/Library/TinyTeX/texmf-dist/tex/generic/iftex/iftex.sty
Package: iftex 2022/02/03 v1.0f TeX engine tests
) (/Users/mauriciomardones/Library/TinyTeX/texmf-dist/tex/latex/unicode-math/unicode-math.sty (/Users/mauriciomardones/Library/TinyTeX/texmf-dist/tex/latex/l3kernel/expl3.sty
Package: expl3 2023-01-16 L3 programming layer (loader) 
(/Users/mauriciomardones/Library/TinyTeX/texmf-dist/tex/latex/l3backend/l3backend-xetex.def
File: l3backend-xetex.def 2023-01-16 L3 backend support: XeTeX
\g__graphics_track_int=\count268
\l__pdf_internal_box=\box53
\g__pdf_backend_object_int=\count269
\g__pdf_backend_annotation_int=\count270
\g__pdf_backend_link_int=\count271
))
Package: unicode-math 2020/01/31 v0.8q Unicode maths in XeLaTeX and LuaLaTeX
(/Users/mauriciomardones/Library/TinyTeX/texmf-dist/tex/latex/unicode-math/unicode-math-xetex.sty
Package: unicode-math-xetex 2020/01/31 v0.8q Unicode maths in XeLaTeX and LuaLaTeX
(/Users/mauriciomardones/Library/TinyTeX/texmf-dist/tex/latex/l3packages/xparse/xparse.sty
Package: xparse 2023-01-16 L3 Experimental document command parser
) (/Users/mauriciomardones/Library/TinyTeX/texmf-dist/tex/latex/l3packages/l3keys2e/l3keys2e.sty
Package: l3keys2e 2023-01-16 LaTeX2e option processing using LaTeX3 keys
) (/Users/mauriciomardones/Library/TinyTeX/texmf-dist/tex/latex/fontspec/fontspec.sty
Package: fontspec 2022/01/15 v2.8a Font selection for XeLaTeX and LuaLaTeX
(/Users/mauriciomardones/Library/TinyTeX/texmf-dist/tex/latex/fontspec/fontspec-xetex.sty
Package: fontspec-xetex 2022/01/15 v2.8a Font selection for XeLaTeX and LuaLaTeX
\l__fontspec_script_int=\count272
\l__fontspec_language_int=\count273
\l__fontspec_strnum_int=\count274
\l__fontspec_tmp_int=\count275
\l__fontspec_tmpa_int=\count276
\l__fontspec_tmpb_int=\count277
\l__fontspec_tmpc_int=\count278
\l__fontspec_em_int=\count279
\l__fontspec_emdef_int=\count280
\l__fontspec_strong_int=\count281
\l__fontspec_strongdef_int=\count282
\l__fontspec_tmpa_dim=\dimen150
\l__fontspec_tmpb_dim=\dimen151
\l__fontspec_tmpc_dim=\dimen152
(/Users/mauriciomardones/Library/TinyTeX/texmf-dist/tex/latex/base/fontenc.sty
Package: fontenc 2021/04/29 v2.0v Standard LaTeX package
) (/Users/mauriciomardones/Library/TinyTeX/texmf-dist/tex/latex/fontspec/fontspec.cfg))) (/Users/mauriciomardones/Library/TinyTeX/texmf-dist/tex/latex/base/fix-cm.sty
Package: fix-cm 2020/11/24 v1.1t fixes to LaTeX
(/Users/mauriciomardones/Library/TinyTeX/texmf-dist/tex/latex/base/ts1enc.def
File: ts1enc.def 2001/06/05 v3.0e (jk/car/fm) Standard LaTeX file
LaTeX Font Info:    Redeclaring font encoding TS1 on input line 47.
))
\g__um_fam_int=\count283
\g__um_fonts_used_int=\count284
\l__um_primecount_int=\count285
\g__um_primekern_muskip=\muskip17
(/Users/mauriciomardones/Library/TinyTeX/texmf-dist/tex/latex/unicode-math/unicode-math-table.tex))) (/Users/mauriciomardones/Library/TinyTeX/texmf-dist/tex/latex/lm/lmodern.sty
Package: lmodern 2015/05/01 v1.6.1 Latin Modern Fonts
LaTeX Font Info:    Overwriting symbol font `operators' in version `normal'
(Font)                  OT1/cmr/m/n --> OT1/lmr/m/n on input line 22.
LaTeX Font Info:    Overwriting symbol font `letters' in version `normal'
(Font)                  OML/cmm/m/it --> OML/lmm/m/it on input line 23.
LaTeX Font Info:    Overwriting symbol font `symbols' in version `normal'
(Font)                  OMS/cmsy/m/n --> OMS/lmsy/m/n on input line 24.
LaTeX Font Info:    Overwriting symbol font `largesymbols' in version `normal'
(Font)                  OMX/cmex/m/n --> OMX/lmex/m/n on input line 25.
LaTeX Font Info:    Overwriting symbol font `operators' in version `bold'
(Font)                  OT1/cmr/bx/n --> OT1/lmr/bx/n on input line 26.
LaTeX Font Info:    Overwriting symbol font `letters' in version `bold'
(Font)                  OML/cmm/b/it --> OML/lmm/b/it on input line 27.
LaTeX Font Info:    Overwriting symbol font `symbols' in version `bold'
(Font)                  OMS/cmsy/b/n --> OMS/lmsy/b/n on input line 28.
LaTeX Font Info:    Overwriting symbol font `largesymbols' in version `bold'
(Font)                  OMX/cmex/m/n --> OMX/lmex/m/n on input line 29.
LaTeX Font Info:    Overwriting math alphabet `\mathbf' in version `normal'
(Font)                  OT1/cmr/bx/n --> OT1/lmr/bx/n on input line 31.
LaTeX Font Info:    Overwriting math alphabet `\mathsf' in version `normal'
(Font)                  OT1/cmss/m/n --> OT1/lmss/m/n on input line 32.
LaTeX Font Info:    Overwriting math alphabet `\mathit' in version `normal'
(Font)                  OT1/cmr/m/it --> OT1/lmr/m/it on input line 33.
LaTeX Font Info:    Overwriting math alphabet `\mathtt' in version `normal'
(Font)                  OT1/cmtt/m/n --> OT1/lmtt/m/n on input line 34.
LaTeX Font Info:    Overwriting math alphabet `\mathbf' in version `bold'
(Font)                  OT1/cmr/bx/n --> OT1/lmr/bx/n on input line 35.
LaTeX Font Info:    Overwriting math alphabet `\mathsf' in version `bold'
(Font)                  OT1/cmss/bx/n --> OT1/lmss/bx/n on input line 36.
LaTeX Font Info:    Overwriting math alphabet `\mathit' in version `bold'
(Font)                  OT1/cmr/bx/it --> OT1/lmr/bx/it on input line 37.
LaTeX Font Info:    Overwriting math alphabet `\mathtt' in version `bold'
(Font)                  OT1/cmtt/m/n --> OT1/lmtt/m/n on input line 38.
) (/Users/mauriciomardones/Library/TinyTeX/texmf-dist/tex/latex/microtype/microtype.sty
Package: microtype 2022/06/23 v3.0f Micro-typographical refinements (RS)
(/Users/mauriciomardones/Library/TinyTeX/texmf-dist/tex/latex/graphics/keyval.sty
Package: keyval 2022/05/29 v1.15 key=value parser (DPC)
\KV@toks@=\toks21
) (/Users/mauriciomardones/Library/TinyTeX/texmf-dist/tex/latex/etoolbox/etoolbox.sty
Package: etoolbox 2020/10/05 v2.5k e-TeX tools for LaTeX (JAW)
\etb@tempcnta=\count286
)
\MT@toks=\toks22
\MT@tempbox=\box54
\MT@count=\count287
LaTeX Info: Redefining \noprotrusionifhmode on input line 1045.
LaTeX Info: Redefining \leftprotrusion on input line 1046.
LaTeX Info: Redefining \rightprotrusion on input line 1056.
LaTeX Info: Redefining \textls on input line 1234.
\MT@outer@kern=\dimen153
LaTeX Info: Redefining \textmicrotypecontext on input line 1858.
\MT@listname@count=\count288
(/Users/mauriciomardones/Library/TinyTeX/texmf-dist/tex/latex/microtype/microtype-xetex.def
File: microtype-xetex.def 2022/06/23 v3.0f Definitions specific to xetex (RS)
LaTeX Info: Redefining \lsstyle on input line 236.
)
Package microtype Info: Loading configuration file microtype.cfg.
(/Users/mauriciomardones/Library/TinyTeX/texmf-dist/tex/latex/microtype/microtype.cfg
File: microtype.cfg 2022/06/23 v3.0f microtype main configuration file (RS)
)) (/Users/mauriciomardones/Library/TinyTeX/texmf-dist/tex/latex/parskip/parskip.sty
Package: parskip 2021-03-14 v2.0h non-zero parskip adjustments
(/Users/mauriciomardones/Library/TinyTeX/texmf-dist/tex/latex/kvoptions/kvoptions.sty
Package: kvoptions 2022-06-15 v3.15 Key value format for package options (HO)
(/Users/mauriciomardones/Library/TinyTeX/texmf-dist/tex/generic/ltxcmds/ltxcmds.sty
Package: ltxcmds 2020-05-10 v1.25 LaTeX kernel commands for general use (HO)
) (/Users/mauriciomardones/Library/TinyTeX/texmf-dist/tex/latex/kvsetkeys/kvsetkeys.sty
Package: kvsetkeys 2022-10-05 v1.19 Key value parser (HO)
))) (/Users/mauriciomardones/Library/TinyTeX/texmf-dist/tex/latex/xcolor/xcolor.sty
Package: xcolor 2022/06/12 v2.14 LaTeX color extensions (UK)
(/Users/mauriciomardones/Library/TinyTeX/texmf-dist/tex/latex/graphics-cfg/color.cfg
File: color.cfg 2016/01/02 v1.6 sample color configuration
)
Package xcolor Info: Driver file: xetex.def on input line 227.
(/Users/mauriciomardones/Library/TinyTeX/texmf-dist/tex/latex/graphics-def/xetex.def
File: xetex.def 2022/09/22 v5.0n Graphics/color driver for xetex
) (/Users/mauriciomardones/Library/TinyTeX/texmf-dist/tex/latex/graphics/mathcolor.ltx)
Package xcolor Info: Model `cmy' substituted by `cmy0' on input line 1353.
Package xcolor Info: Model `RGB' extended on input line 1369.
Package xcolor Info: Model `HTML' substituted by `rgb' on input line 1371.
Package xcolor Info: Model `Hsb' substituted by `hsb' on input line 1372.
Package xcolor Info: Model `tHsb' substituted by `hsb' on input line 1373.
Package xcolor Info: Model `HSB' substituted by `hsb' on input line 1374.
Package xcolor Info: Model `Gray' substituted by `gray' on input line 1375.
Package xcolor Info: Model `wave' substituted by `hsb' on input line 1376.
) (/Users/mauriciomardones/Library/TinyTeX/texmf-dist/tex/latex/fancyvrb/fancyvrb.sty
Package: fancyvrb 2022/06/06 4.5 verbatim text (tvz,hv)
\FV@CodeLineNo=\count289
\FV@InFile=\read2
\FV@TabBox=\box55
\c@FancyVerbLine=\count290
\FV@StepNumber=\count291
\FV@OutFile=\write3
) (/Users/mauriciomardones/Library/TinyTeX/texmf-dist/tex/latex/framed/framed.sty
Package: framed 2011/10/22 v 0.96: framed or shaded text with page breaks
\OuterFrameSep=\skip53
\fb@frw=\dimen154
\fb@frh=\dimen155
\FrameRule=\dimen156
\FrameSep=\dimen157
) (/Users/mauriciomardones/Library/TinyTeX/texmf-dist/tex/latex/tools/longtable.sty
Package: longtable 2021-09-01 v4.17 Multi-page Table package (DPC)
\LTleft=\skip54
\LTright=\skip55
\LTpre=\skip56
\LTpost=\skip57
\LTchunksize=\count292
\LTcapwidth=\dimen158
\LT@head=\box56
\LT@firsthead=\box57
\LT@foot=\box58
\LT@lastfoot=\box59
\LT@gbox=\box60
\LT@cols=\count293
\LT@rows=\count294
\c@LT@tables=\count295
\c@LT@chunks=\count296
\LT@p@ftn=\toks23
) (/Users/mauriciomardones/Library/TinyTeX/texmf-dist/tex/latex/booktabs/booktabs.sty
Package: booktabs 2020/01/12 v1.61803398 Publication quality tables
\heavyrulewidth=\dimen159
\lightrulewidth=\dimen160
\cmidrulewidth=\dimen161
\belowrulesep=\dimen162
\belowbottomsep=\dimen163
\aboverulesep=\dimen164
\abovetopsep=\dimen165
\cmidrulesep=\dimen166
\cmidrulekern=\dimen167
\defaultaddspace=\dimen168
\@cmidla=\count297
\@cmidlb=\count298
\@aboverulesep=\dimen169
\@belowrulesep=\dimen170
\@thisruleclass=\count299
\@lastruleclass=\count300
\@thisrulewidth=\dimen171
) (/Users/mauriciomardones/Library/TinyTeX/texmf-dist/tex/latex/tools/array.sty
Package: array 2022/09/04 v2.5g Tabular extension package (FMi)
\col@sep=\dimen172
\ar@mcellbox=\box61
\extrarowheight=\dimen173
\NC@list=\toks24
\extratabsurround=\skip58
\backup@length=\skip59
\ar@cellbox=\box62
) (/Users/mauriciomardones/Library/TinyTeX/texmf-dist/tex/latex/tools/calc.sty
Package: calc 2017/05/25 v4.3 Infix arithmetic (KKT,FJ)
\calc@Acount=\count301
\calc@Bcount=\count302
\calc@Adimen=\dimen174
\calc@Bdimen=\dimen175
\calc@Askip=\skip60
\calc@Bskip=\skip61
LaTeX Info: Redefining \setlength on input line 80.
LaTeX Info: Redefining \addtolength on input line 81.
\calc@Ccount=\count303
\calc@Cskip=\skip62
) (/Users/mauriciomardones/Library/TinyTeX/texmf-dist/tex/latex/mdwtools/footnote.sty
Package: footnote 1997/01/28 1.13 Save footnotes around boxes
\fn@notes=\box63
\fn@width=\dimen176
) (/Users/mauriciomardones/Library/TinyTeX/texmf-dist/tex/latex/graphics/graphicx.sty
Package: graphicx 2021/09/16 v1.2d Enhanced LaTeX Graphics (DPC,SPQR)
(/Users/mauriciomardones/Library/TinyTeX/texmf-dist/tex/latex/graphics/graphics.sty
Package: graphics 2022/03/10 v1.4e Standard LaTeX Graphics (DPC,SPQR)
(/Users/mauriciomardones/Library/TinyTeX/texmf-dist/tex/latex/graphics/trig.sty
Package: trig 2021/08/11 v1.11 sin cos tan (DPC)
) (/Users/mauriciomardones/Library/TinyTeX/texmf-dist/tex/latex/graphics-cfg/graphics.cfg
File: graphics.cfg 2016/06/04 v1.11 sample graphics configuration
)
Package graphics Info: Driver file: xetex.def on input line 107.
)
\Gin@req@height=\dimen177
\Gin@req@width=\dimen178
) (/Users/mauriciomardones/Library/TinyTeX/texmf-dist/tex/latex/natbib/natbib.sty
Package: natbib 2010/09/13 8.31b (PWD, AO)
\bibhang=\skip63
\bibsep=\skip64
LaTeX Info: Redefining \cite on input line 694.
\c@NAT@ctr=\count304
) (/Users/mauriciomardones/Library/TinyTeX/texmf-dist/tex/latex/bookmark/bookmark.sty
Package: bookmark 2020-11-06 v1.29 PDF bookmarks (HO)
(/Users/mauriciomardones/Library/TinyTeX/texmf-dist/tex/latex/hyperref/hyperref.sty
Package: hyperref 2022-11-13 v7.00u Hypertext links for LaTeX
(/Users/mauriciomardones/Library/TinyTeX/texmf-dist/tex/generic/pdftexcmds/pdftexcmds.sty
Package: pdftexcmds 2020-06-27 v0.33 Utility functions of pdfTeX for LuaTeX (HO)
(/Users/mauriciomardones/Library/TinyTeX/texmf-dist/tex/generic/infwarerr/infwarerr.sty
Package: infwarerr 2019/12/03 v1.5 Providing info/warning/error messages (HO)
)
Package pdftexcmds Info: \pdf@primitive is available.
Package pdftexcmds Info: \pdf@ifprimitive is available.
Package pdftexcmds Info: \pdfdraftmode not found.
) (/Users/mauriciomardones/Library/TinyTeX/texmf-dist/tex/generic/kvdefinekeys/kvdefinekeys.sty
Package: kvdefinekeys 2019-12-19 v1.6 Define keys (HO)
) (/Users/mauriciomardones/Library/TinyTeX/texmf-dist/tex/generic/pdfescape/pdfescape.sty
Package: pdfescape 2019/12/09 v1.15 Implements pdfTeX's escape features (HO)
) (/Users/mauriciomardones/Library/TinyTeX/texmf-dist/tex/latex/hycolor/hycolor.sty
Package: hycolor 2020-01-27 v1.10 Color options for hyperref/bookmark (HO)
) (/Users/mauriciomardones/Library/TinyTeX/texmf-dist/tex/latex/letltxmacro/letltxmacro.sty
Package: letltxmacro 2019/12/03 v1.6 Let assignment for LaTeX macros (HO)
) (/Users/mauriciomardones/Library/TinyTeX/texmf-dist/tex/latex/auxhook/auxhook.sty
Package: auxhook 2019-12-17 v1.6 Hooks for auxiliary files (HO)
) (/Users/mauriciomardones/Library/TinyTeX/texmf-dist/tex/latex/hyperref/nameref.sty
Package: nameref 2022-05-17 v2.50 Cross-referencing by name of section
(/Users/mauriciomardones/Library/TinyTeX/texmf-dist/tex/latex/refcount/refcount.sty
Package: refcount 2019/12/15 v3.6 Data extraction from label references (HO)
) (/Users/mauriciomardones/Library/TinyTeX/texmf-dist/tex/generic/gettitlestring/gettitlestring.sty
Package: gettitlestring 2019/12/15 v1.6 Cleanup title references (HO)
)
\c@section@level=\count305
)
\@linkdim=\dimen179
\Hy@linkcounter=\count306
\Hy@pagecounter=\count307
(/Users/mauriciomardones/Library/TinyTeX/texmf-dist/tex/latex/hyperref/pd1enc.def
File: pd1enc.def 2022-11-13 v7.00u Hyperref: PDFDocEncoding definition (HO)
) (/Users/mauriciomardones/Library/TinyTeX/texmf-dist/tex/generic/intcalc/intcalc.sty
Package: intcalc 2019/12/15 v1.3 Expandable calculations with integers (HO)
) (/Users/mauriciomardones/Library/TinyTeX/texmf-dist/tex/generic/etexcmds/etexcmds.sty
Package: etexcmds 2019/12/15 v1.7 Avoid name clashes with e-TeX commands (HO)
)
\Hy@SavedSpaceFactor=\count308
(/Users/mauriciomardones/Library/TinyTeX/texmf-dist/tex/latex/hyperref/puenc.def
File: puenc.def 2022-11-13 v7.00u Hyperref: PDF Unicode definition (HO)
)
Package hyperref Info: Option `unicode' set `true' on input line 4045.
Package hyperref Info: Hyper figures OFF on input line 4162.
Package hyperref Info: Link nesting OFF on input line 4167.
Package hyperref Info: Hyper index ON on input line 4170.
Package hyperref Info: Plain pages OFF on input line 4177.
Package hyperref Info: Backreferencing OFF on input line 4182.
Package hyperref Info: Implicit mode ON; LaTeX internals redefined.
Package hyperref Info: Bookmarks ON on input line 4410.
\c@Hy@tempcnt=\count309
(/Users/mauriciomardones/Library/TinyTeX/texmf-dist/tex/latex/url/url.sty
\Urlmuskip=\muskip18
Package: url 2013/09/16  ver 3.4  Verb mode for urls, etc.
)
LaTeX Info: Redefining \url on input line 4748.
\XeTeXLinkMargin=\dimen180
(/Users/mauriciomardones/Library/TinyTeX/texmf-dist/tex/generic/bitset/bitset.sty
Package: bitset 2019/12/09 v1.3 Handle bit-vector datatype (HO)
(/Users/mauriciomardones/Library/TinyTeX/texmf-dist/tex/generic/bigintcalc/bigintcalc.sty
Package: bigintcalc 2019/12/15 v1.5 Expandable calculations on big integers (HO)
))
\Fld@menulength=\count310
\Field@Width=\dimen181
\Fld@charsize=\dimen182
Package hyperref Info: Hyper figures OFF on input line 6027.
Package hyperref Info: Link nesting OFF on input line 6032.
Package hyperref Info: Hyper index ON on input line 6035.
Package hyperref Info: backreferencing OFF on input line 6042.
Package hyperref Info: Link coloring OFF on input line 6047.
Package hyperref Info: Link coloring with OCG OFF on input line 6052.
Package hyperref Info: PDF/A mode OFF on input line 6057.
(/Users/mauriciomardones/Library/TinyTeX/texmf-dist/tex/latex/base/atbegshi-ltx.sty
Package: atbegshi-ltx 2021/01/10 v1.0c Emulation of the original atbegshi
package with kernel methods
)
\Hy@abspage=\count311
\c@Item=\count312
\c@Hfootnote=\count313
)
Package hyperref Info: Driver (autodetected): hxetex.
(/Users/mauriciomardones/Library/TinyTeX/texmf-dist/tex/latex/hyperref/hxetex.def
File: hxetex.def 2022-11-13 v7.00u Hyperref driver for XeTeX
(/Users/mauriciomardones/Library/TinyTeX/texmf-dist/tex/generic/stringenc/stringenc.sty
Package: stringenc 2019/11/29 v1.12 Convert strings between diff. encodings (HO)
)
\pdfm@box=\box64
\c@Hy@AnnotLevel=\count314
\HyField@AnnotCount=\count315
\Fld@listcount=\count316
\c@bookmark@seq@number=\count317
(/Users/mauriciomardones/Library/TinyTeX/texmf-dist/tex/latex/rerunfilecheck/rerunfilecheck.sty
Package: rerunfilecheck 2022-07-10 v1.10 Rerun checks for auxiliary files (HO)
(/Users/mauriciomardones/Library/TinyTeX/texmf-dist/tex/latex/base/atveryend-ltx.sty
Package: atveryend-ltx 2020/08/19 v1.0a Emulation of the original atveryend package
with kernel methods
) (/Users/mauriciomardones/Library/TinyTeX/texmf-dist/tex/generic/uniquecounter/uniquecounter.sty
Package: uniquecounter 2019/12/15 v1.4 Provide unlimited unique counter (HO)
)
Package uniquecounter Info: New unique counter `rerunfilecheck' on input line 285.
)
\Hy@SectionHShift=\skip65
) (/Users/mauriciomardones/Library/TinyTeX/texmf-dist/tex/latex/bookmark/bkm-dvipdfm.def
File: bkm-dvipdfm.def 2020-11-06 v1.29 bookmark driver for dvipdfm (HO)
\BKM@id=\count318
)) (./_main.aux)
\openout1 = `_main.aux'.

LaTeX Font Info:    Checking defaults for OML/cmm/m/it on input line 125.
LaTeX Font Info:    ... okay on input line 125.
LaTeX Font Info:    Checking defaults for OMS/cmsy/m/n on input line 125.
LaTeX Font Info:    ... okay on input line 125.
LaTeX Font Info:    Checking defaults for OT1/cmr/m/n on input line 125.
LaTeX Font Info:    ... okay on input line 125.
LaTeX Font Info:    Checking defaults for T1/cmr/m/n on input line 125.
LaTeX Font Info:    ... okay on input line 125.
LaTeX Font Info:    Checking defaults for TS1/cmr/m/n on input line 125.
LaTeX Font Info:    ... okay on input line 125.
LaTeX Font Info:    Checking defaults for TU/lmr/m/n on input line 125.
LaTeX Font Info:    ... okay on input line 125.
LaTeX Font Info:    Checking defaults for OMX/cmex/m/n on input line 125.
LaTeX Font Info:    ... okay on input line 125.
LaTeX Font Info:    Checking defaults for U/cmr/m/n on input line 125.
LaTeX Font Info:    ... okay on input line 125.
LaTeX Font Info:    Checking defaults for PD1/pdf/m/n on input line 125.
LaTeX Font Info:    ... okay on input line 125.
LaTeX Font Info:    Checking defaults for PU/pdf/m/n on input line 125.
LaTeX Font Info:    ... okay on input line 125.
LaTeX Font Info:    Overwriting math alphabet `\mathrm' in version `normal'
(Font)                  OT1/lmr/m/n --> TU/lmr/m/n on input line 125.
LaTeX Font Info:    Overwriting math alphabet `\mathit' in version `normal'
(Font)                  OT1/lmr/m/it --> TU/lmr/m/it on input line 125.
LaTeX Font Info:    Overwriting math alphabet `\mathbf' in version `normal'
(Font)                  OT1/lmr/bx/n --> TU/lmr/bx/n on input line 125.
LaTeX Font Info:    Overwriting math alphabet `\mathsf' in version `normal'
(Font)                  OT1/lmss/m/n --> TU/lmss/m/n on input line 125.
LaTeX Font Info:    Overwriting math alphabet `\mathsf' in version `bold'
(Font)                  OT1/lmss/bx/n --> TU/lmss/bx/n on input line 125.
LaTeX Font Info:    Overwriting math alphabet `\mathtt' in version `normal'
(Font)                  OT1/lmtt/m/n --> TU/lmtt/m/n on input line 125.
LaTeX Font Info:    Overwriting math alphabet `\mathtt' in version `bold'
(Font)                  OT1/lmtt/m/n --> TU/lmtt/bx/n on input line 125.

Package fontspec Info: latinmodern-math scale = 0.9999964596882403.


Package fontspec Info: latinmodern-math scale = 0.9999964596882403.


Package fontspec Info: latinmodern-math scale = 0.9999964596882403.


Package fontspec Info: Font family 'latinmodern-math.otf(0)' created for font
(fontspec)             'latinmodern-math.otf' with options
(fontspec)             [Scale=MatchLowercase,BoldItalicFont={},ItalicFont={},SmallCapsFont={},Script=Math,BoldFont={latinmodern-math.otf}].
(fontspec)              
(fontspec)              This font family consists of the following NFSS
(fontspec)             series/shapes:
(fontspec)              
(fontspec)             - 'normal' (m/n) with NFSS spec.:
(fontspec)             <->s*[0.9999964596882403]"[latinmodern-math.otf]/OT:script=math;language=dflt;"
(fontspec)             - 'small caps'  (m/sc) with NFSS spec.: 
(fontspec)             - 'bold' (b/n) with NFSS spec.:
(fontspec)             <->s*[0.9999964596882403]"[latinmodern-math.otf]/OT:script=math;language=dflt;"
(fontspec)             - 'bold small caps'  (b/sc) with NFSS spec.: 

LaTeX Font Info:    Font shape `TU/latinmodern-math.otf(0)/m/n' will be
(Font)              scaled to size 10.0pt on input line 125.

Package fontspec Info: latinmodern-math scale = 0.9999964596882403.


Package fontspec Info: latinmodern-math scale = 0.9999964596882403.


Package fontspec Info: latinmodern-math scale = 0.9999964596882403.


Package fontspec Info: latinmodern-math scale = 0.9999964596882403.


Package fontspec Info: latinmodern-math scale = 0.9999964596882403.


Package fontspec Info: Font family 'latinmodern-math.otf(1)' created for font
(fontspec)             'latinmodern-math.otf' with options
(fontspec)             [Scale=MatchLowercase,BoldItalicFont={},ItalicFont={},SmallCapsFont={},Script=Math,SizeFeatures={{Size=8.5-},{Size=6-8.5,Font=latinmodern-math.otf,Style=MathScript},{Size=-6,Font=latinmodern-math.otf,Style=MathScriptScript}},BoldFont={latinmodern-math.otf}].
(fontspec)              
(fontspec)              This font family consists of the following NFSS
(fontspec)             series/shapes:
(fontspec)              
(fontspec)             - 'normal' (m/n) with NFSS spec.:
(fontspec)             <8.5->s*[0.9999964596882403]"[latinmodern-math.otf]/OT:script=math;language=dflt;"<6-8.5>s*[0.9999964596882403]"[latinmodern-math.otf]/OT:script=math;language=dflt;+ssty=0;"<-6>s*[0.9999964596882403]"[latinmodern-math.otf]/OT:script=math;language=dflt;+ssty=1;"
(fontspec)             - 'small caps'  (m/sc) with NFSS spec.: 
(fontspec)             - 'bold' (b/n) with NFSS spec.:
(fontspec)             <->s*[0.9999964596882403]"[latinmodern-math.otf]/OT:script=math;language=dflt;"
(fontspec)             - 'bold small caps'  (b/sc) with NFSS spec.: 

LaTeX Font Info:    Font shape `TU/latinmodern-math.otf(1)/m/n' will be
(Font)              scaled to size 10.0pt on input line 125.
LaTeX Font Info:    Encoding `OT1' has changed to `TU' for symbol font
(Font)              `operators' in the math version `normal' on input line 125.
LaTeX Font Info:    Overwriting symbol font `operators' in version `normal'
(Font)                  OT1/lmr/m/n --> TU/latinmodern-math.otf(1)/m/n on input line 125.
LaTeX Font Info:    Encoding `OT1' has changed to `TU' for symbol font
(Font)              `operators' in the math version `bold' on input line 125.
LaTeX Font Info:    Overwriting symbol font `operators' in version `bold'
(Font)                  OT1/lmr/bx/n --> TU/latinmodern-math.otf(1)/b/n on input line 125.

Package fontspec Info: latinmodern-math scale = 0.9999964596882403.


Package fontspec Info: latinmodern-math scale = 1.000096459334209.


Package fontspec Info: latinmodern-math scale = 0.9999964596882403.


Package fontspec Info: latinmodern-math scale = 1.000096459334209.


Package fontspec Info: latinmodern-math scale = 0.9999964596882403.


Package fontspec Info: latinmodern-math scale = 1.000096459334209.


Package fontspec Info: latinmodern-math scale = 0.9999964596882403.


Package fontspec Info: latinmodern-math scale = 1.000096459334209.


Package fontspec Info: latinmodern-math scale = 0.9999964596882403.


Package fontspec Info: latinmodern-math scale = 1.000096459334209.


Package fontspec Info: Font family 'latinmodern-math.otf(2)' created for font
(fontspec)             'latinmodern-math.otf' with options
(fontspec)             [Scale=MatchLowercase,BoldItalicFont={},ItalicFont={},SmallCapsFont={},Script=Math,SizeFeatures={{Size=8.5-},{Size=6-8.5,Font=latinmodern-math.otf,Style=MathScript},{Size=-6,Font=latinmodern-math.otf,Style=MathScriptScript}},BoldFont={latinmodern-math.otf},ScaleAgain=1.0001,FontAdjustment={\fontdimen
(fontspec)             8\font =6.77pt\relax \fontdimen 9\font =3.94pt\relax
(fontspec)             \fontdimen 10\font =4.44pt\relax \fontdimen 11\font
(fontspec)             =6.86pt\relax \fontdimen 12\font =3.45pt\relax
(fontspec)             \fontdimen 13\font =3.63pt\relax \fontdimen 14\font
(fontspec)             =3.63pt\relax \fontdimen 15\font =2.89pt\relax
(fontspec)             \fontdimen 16\font =2.47pt\relax \fontdimen 17\font
(fontspec)             =2.47pt\relax \fontdimen 18\font =2.5pt\relax
(fontspec)             \fontdimen 19\font =2.0pt\relax \fontdimen 22\font
(fontspec)             =2.5pt\relax \fontdimen 20\font =0pt\relax \fontdimen
(fontspec)             21\font =0pt\relax }].
(fontspec)              
(fontspec)              This font family consists of the following NFSS
(fontspec)             series/shapes:
(fontspec)              
(fontspec)             - 'normal' (m/n) with NFSS spec.:
(fontspec)             <8.5->s*[1.000096459334209]"[latinmodern-math.otf]/OT:script=math;language=dflt;"<6-8.5>s*[1.000096459334209]"[latinmodern-math.otf]/OT:script=math;language=dflt;+ssty=0;"<-6>s*[1.000096459334209]"[latinmodern-math.otf]/OT:script=math;language=dflt;+ssty=1;"
(fontspec)             - 'small caps'  (m/sc) with NFSS spec.: 
(fontspec)             and font adjustment code:
(fontspec)             \fontdimen 8\font =6.77pt\relax \fontdimen 9\font
(fontspec)             =3.94pt\relax \fontdimen 10\font =4.44pt\relax
(fontspec)             \fontdimen 11\font =6.86pt\relax \fontdimen 12\font
(fontspec)             =3.45pt\relax \fontdimen 13\font =3.63pt\relax
(fontspec)             \fontdimen 14\font =3.63pt\relax \fontdimen 15\font
(fontspec)             =2.89pt\relax \fontdimen 16\font =2.47pt\relax
(fontspec)             \fontdimen 17\font =2.47pt\relax \fontdimen 18\font
(fontspec)             =2.5pt\relax \fontdimen 19\font =2.0pt\relax \fontdimen
(fontspec)             22\font =2.5pt\relax \fontdimen 20\font =0pt\relax
(fontspec)             \fontdimen 21\font =0pt\relax 
(fontspec)             - 'bold' (b/n) with NFSS spec.:
(fontspec)             <->s*[1.000096459334209]"[latinmodern-math.otf]/OT:script=math;language=dflt;"
(fontspec)             - 'bold small caps'  (b/sc) with NFSS spec.: 
(fontspec)             and font adjustment code:
(fontspec)             \fontdimen 8\font =6.77pt\relax \fontdimen 9\font
(fontspec)             =3.94pt\relax \fontdimen 10\font =4.44pt\relax
(fontspec)             \fontdimen 11\font =6.86pt\relax \fontdimen 12\font
(fontspec)             =3.45pt\relax \fontdimen 13\font =3.63pt\relax
(fontspec)             \fontdimen 14\font =3.63pt\relax \fontdimen 15\font
(fontspec)             =2.89pt\relax \fontdimen 16\font =2.47pt\relax
(fontspec)             \fontdimen 17\font =2.47pt\relax \fontdimen 18\font
(fontspec)             =2.5pt\relax \fontdimen 19\font =2.0pt\relax \fontdimen
(fontspec)             22\font =2.5pt\relax \fontdimen 20\font =0pt\relax
(fontspec)             \fontdimen 21\font =0pt\relax 

LaTeX Font Info:    Encoding `OMS' has changed to `TU' for symbol font
(Font)              `symbols' in the math version `normal' on input line 125.
LaTeX Font Info:    Overwriting symbol font `symbols' in version `normal'
(Font)                  OMS/lmsy/m/n --> TU/latinmodern-math.otf(2)/m/n on input line 125.
LaTeX Font Info:    Encoding `OMS' has changed to `TU' for symbol font
(Font)              `symbols' in the math version `bold' on input line 125.
LaTeX Font Info:    Overwriting symbol font `symbols' in version `bold'
(Font)                  OMS/lmsy/b/n --> TU/latinmodern-math.otf(2)/b/n on input line 125.

Package fontspec Info: latinmodern-math scale = 0.9999964596882403.


Package fontspec Info: latinmodern-math scale = 0.9998964600422715.


Package fontspec Info: latinmodern-math scale = 0.9999964596882403.


Package fontspec Info: latinmodern-math scale = 0.9998964600422715.


Package fontspec Info: latinmodern-math scale = 0.9999964596882403.


Package fontspec Info: latinmodern-math scale = 0.9998964600422715.


Package fontspec Info: latinmodern-math scale = 0.9999964596882403.


Package fontspec Info: latinmodern-math scale = 0.9998964600422715.


Package fontspec Info: latinmodern-math scale = 0.9999964596882403.


Package fontspec Info: latinmodern-math scale = 0.9998964600422715.


Package fontspec Info: Font family 'latinmodern-math.otf(3)' created for font
(fontspec)             'latinmodern-math.otf' with options
(fontspec)             [Scale=MatchLowercase,BoldItalicFont={},ItalicFont={},SmallCapsFont={},Script=Math,SizeFeatures={{Size=8.5-},{Size=6-8.5,Font=latinmodern-math.otf,Style=MathScript},{Size=-6,Font=latinmodern-math.otf,Style=MathScriptScript}},BoldFont={latinmodern-math.otf},ScaleAgain=0.9999,FontAdjustment={\fontdimen
(fontspec)             8\font =0.4pt\relax \fontdimen 9\font =2.0pt\relax
(fontspec)             \fontdimen 10\font =1.67pt\relax \fontdimen 11\font
(fontspec)             =1.11pt\relax \fontdimen 12\font =6.0pt\relax
(fontspec)             \fontdimen 13\font =0pt\relax }].
(fontspec)              
(fontspec)              This font family consists of the following NFSS
(fontspec)             series/shapes:
(fontspec)              
(fontspec)             - 'normal' (m/n) with NFSS spec.:
(fontspec)             <8.5->s*[0.9998964600422715]"[latinmodern-math.otf]/OT:script=math;language=dflt;"<6-8.5>s*[0.9998964600422715]"[latinmodern-math.otf]/OT:script=math;language=dflt;+ssty=0;"<-6>s*[0.9998964600422715]"[latinmodern-math.otf]/OT:script=math;language=dflt;+ssty=1;"
(fontspec)             - 'small caps'  (m/sc) with NFSS spec.: 
(fontspec)             and font adjustment code:
(fontspec)             \fontdimen 8\font =0.4pt\relax \fontdimen 9\font
(fontspec)             =2.0pt\relax \fontdimen 10\font =1.67pt\relax
(fontspec)             \fontdimen 11\font =1.11pt\relax \fontdimen 12\font
(fontspec)             =6.0pt\relax \fontdimen 13\font =0pt\relax 
(fontspec)             - 'bold' (b/n) with NFSS spec.:
(fontspec)             <->s*[0.9998964600422715]"[latinmodern-math.otf]/OT:script=math;language=dflt;"
(fontspec)             - 'bold small caps'  (b/sc) with NFSS spec.: 
(fontspec)             and font adjustment code:
(fontspec)             \fontdimen 8\font =0.4pt\relax \fontdimen 9\font
(fontspec)             =2.0pt\relax \fontdimen 10\font =1.67pt\relax
(fontspec)             \fontdimen 11\font =1.11pt\relax \fontdimen 12\font
(fontspec)             =6.0pt\relax \fontdimen 13\font =0pt\relax 

LaTeX Font Info:    Encoding `OMX' has changed to `TU' for symbol font
(Font)              `largesymbols' in the math version `normal' on input line 125.
LaTeX Font Info:    Overwriting symbol font `largesymbols' in version `normal'
(Font)                  OMX/lmex/m/n --> TU/latinmodern-math.otf(3)/m/n on input line 125.
LaTeX Font Info:    Encoding `OMX' has changed to `TU' for symbol font
(Font)              `largesymbols' in the math version `bold' on input line 125.
LaTeX Font Info:    Overwriting symbol font `largesymbols' in version `bold'
(Font)                  OMX/lmex/m/n --> TU/latinmodern-math.otf(3)/b/n on input line 125.
LaTeX Info: Redefining \microtypecontext on input line 125.
Package microtype Info: Applying patch `item' on input line 125.
Package microtype Info: Applying patch `toc' on input line 125.
Package microtype Info: Applying patch `eqnum' on input line 125.
Package microtype Info: Applying patch `footnote' on input line 125.
Package microtype Info: Character protrusion enabled (level 2).
Package microtype Info: Using protrusion set `basicmath'.
Package microtype Info: No adjustment of tracking.
Package microtype Info: No adjustment of spacing.
Package microtype Info: No adjustment of kerning.
(/Users/mauriciomardones/Library/TinyTeX/texmf-dist/tex/latex/microtype/mt-LatinModernRoman.cfg
File: mt-LatinModernRoman.cfg 2021/02/21 v1.1 microtype config. file: Latin Modern Roman (RS)
)
Package hyperref Info: Link coloring OFF on input line 125.
LaTeX Font Info:    Font shape `TU/latinmodern-math.otf(1)/m/n' will be
(Font)              scaled to size 12.0pt on input line 127.
LaTeX Font Info:    Font shape `TU/latinmodern-math.otf(1)/m/n' will be
(Font)              scaled to size 8.0pt on input line 127.
LaTeX Font Info:    Font shape `TU/latinmodern-math.otf(1)/m/n' will be
(Font)              scaled to size 6.0pt on input line 127.
LaTeX Font Info:    Trying to load font information for OML+lmm on input line 127.
(/Users/mauriciomardones/Library/TinyTeX/texmf-dist/tex/latex/lm/omllmm.fd
File: omllmm.fd 2015/05/01 v1.6.1 Font defs for Latin Modern
)
LaTeX Font Info:    Font shape `TU/latinmodern-math.otf(2)/m/n' will be
(Font)              scaled to size 12.0011pt on input line 127.
LaTeX Font Info:    Font shape `TU/latinmodern-math.otf(2)/m/n' will be
(Font)              scaled to size 8.00073pt on input line 127.
LaTeX Font Info:    Font shape `TU/latinmodern-math.otf(2)/m/n' will be
(Font)              scaled to size 6.00055pt on input line 127.
LaTeX Font Info:    Font shape `TU/latinmodern-math.otf(3)/m/n' will be
(Font)              scaled to size 11.99872pt on input line 127.
LaTeX Font Info:    Font shape `TU/latinmodern-math.otf(3)/m/n' will be
(Font)              scaled to size 7.99915pt on input line 127.
LaTeX Font Info:    Font shape `TU/latinmodern-math.otf(3)/m/n' will be
(Font)              scaled to size 5.99936pt on input line 127.
LaTeX Font Info:    Trying to load font information for U+msa on input line 127.
(/Users/mauriciomardones/Library/TinyTeX/texmf-dist/tex/latex/amsfonts/umsa.fd
File: umsa.fd 2013/01/14 v3.01 AMS symbols A
) (/Users/mauriciomardones/Library/TinyTeX/texmf-dist/tex/latex/microtype/mt-msa.cfg
File: mt-msa.cfg 2006/02/04 v1.1 microtype config. file: AMS symbols (a) (RS)
)
LaTeX Font Info:    Trying to load font information for U+msb on input line 127.
(/Users/mauriciomardones/Library/TinyTeX/texmf-dist/tex/latex/amsfonts/umsb.fd
File: umsb.fd 2013/01/14 v3.01 AMS symbols B
) (/Users/mauriciomardones/Library/TinyTeX/texmf-dist/tex/latex/microtype/mt-msb.cfg
File: mt-msb.cfg 2005/06/01 v1.0 microtype config. file: AMS symbols (b) (RS)
) [1


] [2

] (./_main.toc
LaTeX Font Info:    Font shape `TU/latinmodern-math.otf(1)/m/n' will be
(Font)              scaled to size 7.0pt on input line 2.
LaTeX Font Info:    Font shape `TU/latinmodern-math.otf(1)/m/n' will be
(Font)              scaled to size 5.0pt on input line 2.
LaTeX Font Info:    Font shape `TU/latinmodern-math.otf(2)/m/n' will be
(Font)              scaled to size 10.00092pt on input line 2.
LaTeX Font Info:    Font shape `TU/latinmodern-math.otf(2)/m/n' will be
(Font)              scaled to size 7.00064pt on input line 2.
LaTeX Font Info:    Font shape `TU/latinmodern-math.otf(2)/m/n' will be
(Font)              scaled to size 5.00046pt on input line 2.
LaTeX Font Info:    Font shape `TU/latinmodern-math.otf(3)/m/n' will be
(Font)              scaled to size 9.99893pt on input line 2.
LaTeX Font Info:    Font shape `TU/latinmodern-math.otf(3)/m/n' will be
(Font)              scaled to size 6.99925pt on input line 2.
LaTeX Font Info:    Font shape `TU/latinmodern-math.otf(3)/m/n' will be
(Font)              scaled to size 4.99947pt on input line 2.
)
\tf@toc=\write4
\openout4 = `_main.toc'.

[3] [4

]
Chapter 1.
[5]
LaTeX Font Info:    Font shape `TU/lmtt/bx/n' in size <10> not available
(Font)              Font shape `TU/lmtt/b/n' tried instead on input line 202.
[6]
Chapter 2.
[7

] [8

]
Chapter 3.

Overfull \hbox (17.577pt too wide) in paragraph at lines 247--248
[]\TU/lmr/m/n/10 To label an un-numbered heading, use: \TU/lmtt/m/n/10 # Hello world {-#nice-label}
 []


LaTeX Warning: Reference `cross' on page 9 undefined on input line 250.


Underfull \hbox (badness 2512) in paragraph at lines 250--251
[]\TU/lmr/m/n/10 Next, reference the labeled heading anywhere in the text using
 []

[9]
File: _main_files/figure-latex/nice-fig-1.pdf Graphic file (type pdf)
<use _main_files/figure-latex/nice-fig-1.pdf>

Overfull \hbox (99.17564pt too wide) has occurred while \output is active
\TU/lmr/m/n/10 10 \TU/lmr/m/sl/10 CHAPTER 3.  EXPLORATORY DATA ANALYSIS, DATA HANDLING, DATA MANIPULATION
 []

[10] [11]
Overfull \hbox (99.17564pt too wide) has occurred while \output is active
\TU/lmr/m/n/10 12 \TU/lmr/m/sl/10 CHAPTER 3.  EXPLORATORY DATA ANALYSIS, DATA HANDLING, DATA MANIPULATION
 []

[12

]
Chapter 4.

Underfull \hbox (badness 1924) in paragraph at lines 330--331
[]\TU/lmr/m/n/10 Add an unnumbered part: \TU/lmtt/m/n/10 # (PART\*) Act one {-} \TU/lmr/m/n/10 (followed by \TU/lmtt/m/n/10 # A
 []


Overfull \hbox (6.75pt too wide) in paragraph at lines 501--501
[]\TU/lmtt/m/n/10 ##     Sepal.Length Sepal.Width Petal.Length Petal.Width    Species[] 
 []


Overfull \hbox (6.75pt too wide) in paragraph at lines 501--501
[]\TU/lmtt/m/n/10 ## 1            5.1         3.5          1.4         0.2     setosa[] 
 []


Overfull \hbox (6.75pt too wide) in paragraph at lines 501--501
[]\TU/lmtt/m/n/10 ## 2            4.9         3.0          1.4         0.2     setosa[] 
 []

[13]
Overfull \hbox (6.75pt too wide) in paragraph at lines 501--501
[]\TU/lmtt/m/n/10 ## 3            4.7         3.2          1.3         0.2     setosa[] 
 []


Overfull \hbox (6.75pt too wide) in paragraph at lines 501--501
[]\TU/lmtt/m/n/10 ## 4            4.6         3.1          1.5         0.2     setosa[] 
 []


Overfull \hbox (6.75pt too wide) in paragraph at lines 501--501
[]\TU/lmtt/m/n/10 ## 5            5.0         3.6          1.4         0.2     setosa[] 
 []


Overfull \hbox (6.75pt too wide) in paragraph at lines 501--501
[]\TU/lmtt/m/n/10 ## 6            5.4         3.9          1.7         0.4     setosa[] 
 []


Overfull \hbox (6.75pt too wide) in paragraph at lines 501--501
[]\TU/lmtt/m/n/10 ## 7            4.6         3.4          1.4         0.3     setosa[] 
 []


Overfull \hbox (6.75pt too wide) in paragraph at lines 501--501
[]\TU/lmtt/m/n/10 ## 8            5.0         3.4          1.5         0.2     setosa[] 
 []


Overfull \hbox (6.75pt too wide) in paragraph at lines 501--501
[]\TU/lmtt/m/n/10 ## 9            4.4         2.9          1.4         0.2     setosa[] 
 []


Overfull \hbox (6.75pt too wide) in paragraph at lines 501--501
[]\TU/lmtt/m/n/10 ## 10           4.9         3.1          1.5         0.1     setosa[] 
 []


Overfull \hbox (6.75pt too wide) in paragraph at lines 501--501
[]\TU/lmtt/m/n/10 ## 11           5.4         3.7          1.5         0.2     setosa[] 
 []


Overfull \hbox (6.75pt too wide) in paragraph at lines 501--501
[]\TU/lmtt/m/n/10 ## 12           4.8         3.4          1.6         0.2     setosa[] 
 []


Overfull \hbox (6.75pt too wide) in paragraph at lines 501--501
[]\TU/lmtt/m/n/10 ## 13           4.8         3.0          1.4         0.1     setosa[] 
 []


Overfull \hbox (6.75pt too wide) in paragraph at lines 501--501
[]\TU/lmtt/m/n/10 ## 14           4.3         3.0          1.1         0.1     setosa[] 
 []


Overfull \hbox (6.75pt too wide) in paragraph at lines 501--501
[]\TU/lmtt/m/n/10 ## 15           5.8         4.0          1.2         0.2     setosa[] 
 []


Overfull \hbox (6.75pt too wide) in paragraph at lines 501--501
[]\TU/lmtt/m/n/10 ## 16           5.7         4.4          1.5         0.4     setosa[] 
 []


Overfull \hbox (6.75pt too wide) in paragraph at lines 501--501
[]\TU/lmtt/m/n/10 ## 17           5.4         3.9          1.3         0.4     setosa[] 
 []


Overfull \hbox (6.75pt too wide) in paragraph at lines 501--501
[]\TU/lmtt/m/n/10 ## 18           5.1         3.5          1.4         0.3     setosa[] 
 []


Overfull \hbox (6.75pt too wide) in paragraph at lines 501--501
[]\TU/lmtt/m/n/10 ## 19           5.7         3.8          1.7         0.3     setosa[] 
 []


Overfull \hbox (6.75pt too wide) in paragraph at lines 501--501
[]\TU/lmtt/m/n/10 ## 20           5.1         3.8          1.5         0.3     setosa[] 
 []


Overfull \hbox (6.75pt too wide) in paragraph at lines 501--501
[]\TU/lmtt/m/n/10 ## 21           5.4         3.4          1.7         0.2     setosa[] 
 []


Overfull \hbox (6.75pt too wide) in paragraph at lines 501--501
[]\TU/lmtt/m/n/10 ## 22           5.1         3.7          1.5         0.4     setosa[] 
 []


Overfull \hbox (6.75pt too wide) in paragraph at lines 501--501
[]\TU/lmtt/m/n/10 ## 23           4.6         3.6          1.0         0.2     setosa[] 
 []


Overfull \hbox (6.75pt too wide) in paragraph at lines 501--501
[]\TU/lmtt/m/n/10 ## 24           5.1         3.3          1.7         0.5     setosa[] 
 []


Overfull \hbox (6.75pt too wide) in paragraph at lines 501--501
[]\TU/lmtt/m/n/10 ## 25           4.8         3.4          1.9         0.2     setosa[] 
 []


Overfull \hbox (6.75pt too wide) in paragraph at lines 501--501
[]\TU/lmtt/m/n/10 ## 26           5.0         3.0          1.6         0.2     setosa[] 
 []


Overfull \hbox (6.75pt too wide) in paragraph at lines 501--501
[]\TU/lmtt/m/n/10 ## 27           5.0         3.4          1.6         0.4     setosa[] 
 []


Overfull \hbox (6.75pt too wide) in paragraph at lines 501--501
[]\TU/lmtt/m/n/10 ## 28           5.2         3.5          1.5         0.2     setosa[] 
 []


Overfull \hbox (6.75pt too wide) in paragraph at lines 501--501
[]\TU/lmtt/m/n/10 ## 29           5.2         3.4          1.4         0.2     setosa[] 
 []


Overfull \hbox (6.75pt too wide) in paragraph at lines 501--501
[]\TU/lmtt/m/n/10 ## 30           4.7         3.2          1.6         0.2     setosa[] 
 []


Overfull \hbox (6.75pt too wide) in paragraph at lines 501--501
[]\TU/lmtt/m/n/10 ## 31           4.8         3.1          1.6         0.2     setosa[] 
 []


Overfull \hbox (6.75pt too wide) in paragraph at lines 501--501
[]\TU/lmtt/m/n/10 ## 32           5.4         3.4          1.5         0.4     setosa[] 
 []


Overfull \hbox (6.75pt too wide) in paragraph at lines 501--501
[]\TU/lmtt/m/n/10 ## 33           5.2         4.1          1.5         0.1     setosa[] 
 []


Overfull \hbox (6.75pt too wide) in paragraph at lines 501--501
[]\TU/lmtt/m/n/10 ## 34           5.5         4.2          1.4         0.2     setosa[] 
 []


Overfull \hbox (6.75pt too wide) in paragraph at lines 501--501
[]\TU/lmtt/m/n/10 ## 35           4.9         3.1          1.5         0.2     setosa[] 
 []


Overfull \hbox (6.75pt too wide) in paragraph at lines 501--501
[]\TU/lmtt/m/n/10 ## 36           5.0         3.2          1.2         0.2     setosa[] 
 []


Overfull \hbox (6.75pt too wide) in paragraph at lines 501--501
[]\TU/lmtt/m/n/10 ## 37           5.5         3.5          1.3         0.2     setosa[] 
 []


Overfull \hbox (6.75pt too wide) in paragraph at lines 501--501
[]\TU/lmtt/m/n/10 ## 38           4.9         3.6          1.4         0.1     setosa[] 
 []


Overfull \hbox (6.75pt too wide) in paragraph at lines 501--501
[]\TU/lmtt/m/n/10 ## 39           4.4         3.0          1.3         0.2     setosa[] 
 []


Overfull \hbox (6.75pt too wide) in paragraph at lines 501--501
[]\TU/lmtt/m/n/10 ## 40           5.1         3.4          1.5         0.2     setosa[] 
 []


Overfull \hbox (6.75pt too wide) in paragraph at lines 501--501
[]\TU/lmtt/m/n/10 ## 41           5.0         3.5          1.3         0.3     setosa[] 
 []


Overfull \hbox (6.75pt too wide) in paragraph at lines 501--501
[]\TU/lmtt/m/n/10 ## 42           4.5         2.3          1.3         0.3     setosa[] 
 []


Overfull \hbox (6.75pt too wide) in paragraph at lines 501--501
[]\TU/lmtt/m/n/10 ## 43           4.4         3.2          1.3         0.2     setosa[] 
 []


Overfull \hbox (6.75pt too wide) in paragraph at lines 501--501
[]\TU/lmtt/m/n/10 ## 44           5.0         3.5          1.6         0.6     setosa[] 
 []


Overfull \hbox (6.75pt too wide) in paragraph at lines 501--501
[]\TU/lmtt/m/n/10 ## 45           5.1         3.8          1.9         0.4     setosa[] 
 []


Overfull \hbox (6.75pt too wide) in paragraph at lines 501--501
[]\TU/lmtt/m/n/10 ## 46           4.8         3.0          1.4         0.3     setosa[] 
 []


Overfull \hbox (6.75pt too wide) in paragraph at lines 501--501
[]\TU/lmtt/m/n/10 ## 47           5.1         3.8          1.6         0.2     setosa[] 
 []


Overfull \hbox (6.75pt too wide) in paragraph at lines 501--501
[]\TU/lmtt/m/n/10 ## 48           4.6         3.2          1.4         0.2     setosa[] 
 []


Overfull \hbox (253.43347pt too wide) has occurred while \output is active
\TU/lmr/m/n/10 14 \TU/lmr/m/sl/10 CHAPTER 4.  DESCRIPTIVE STATISTICS. PARAMETRIC AND NO PARAMETRIC, LINEAR REGRESSION, AMONG OTHERS
 []

[14]
Overfull \hbox (6.75pt too wide) in paragraph at lines 501--501
[]\TU/lmtt/m/n/10 ## 49           5.3         3.7          1.5         0.2     setosa[] 
 []


Overfull \hbox (6.75pt too wide) in paragraph at lines 501--501
[]\TU/lmtt/m/n/10 ## 50           5.0         3.3          1.4         0.2     setosa[] 
 []


Overfull \hbox (6.75pt too wide) in paragraph at lines 501--501
[]\TU/lmtt/m/n/10 ## 51           7.0         3.2          4.7         1.4 versicolor[] 
 []


Overfull \hbox (6.75pt too wide) in paragraph at lines 501--501
[]\TU/lmtt/m/n/10 ## 52           6.4         3.2          4.5         1.5 versicolor[] 
 []


Overfull \hbox (6.75pt too wide) in paragraph at lines 501--501
[]\TU/lmtt/m/n/10 ## 53           6.9         3.1          4.9         1.5 versicolor[] 
 []


Overfull \hbox (6.75pt too wide) in paragraph at lines 501--501
[]\TU/lmtt/m/n/10 ## 54           5.5         2.3          4.0         1.3 versicolor[] 
 []


Overfull \hbox (6.75pt too wide) in paragraph at lines 501--501
[]\TU/lmtt/m/n/10 ## 55           6.5         2.8          4.6         1.5 versicolor[] 
 []


Overfull \hbox (6.75pt too wide) in paragraph at lines 501--501
[]\TU/lmtt/m/n/10 ## 56           5.7         2.8          4.5         1.3 versicolor[] 
 []


Overfull \hbox (6.75pt too wide) in paragraph at lines 501--501
[]\TU/lmtt/m/n/10 ## 57           6.3         3.3          4.7         1.6 versicolor[] 
 []


Overfull \hbox (6.75pt too wide) in paragraph at lines 501--501
[]\TU/lmtt/m/n/10 ## 58           4.9         2.4          3.3         1.0 versicolor[] 
 []


Overfull \hbox (6.75pt too wide) in paragraph at lines 501--501
[]\TU/lmtt/m/n/10 ## 59           6.6         2.9          4.6         1.3 versicolor[] 
 []


Overfull \hbox (6.75pt too wide) in paragraph at lines 501--501
[]\TU/lmtt/m/n/10 ## 60           5.2         2.7          3.9         1.4 versicolor[] 
 []


Overfull \hbox (6.75pt too wide) in paragraph at lines 501--501
[]\TU/lmtt/m/n/10 ## 61           5.0         2.0          3.5         1.0 versicolor[] 
 []


Overfull \hbox (6.75pt too wide) in paragraph at lines 501--501
[]\TU/lmtt/m/n/10 ## 62           5.9         3.0          4.2         1.5 versicolor[] 
 []


Overfull \hbox (6.75pt too wide) in paragraph at lines 501--501
[]\TU/lmtt/m/n/10 ## 63           6.0         2.2          4.0         1.0 versicolor[] 
 []


Overfull \hbox (6.75pt too wide) in paragraph at lines 501--501
[]\TU/lmtt/m/n/10 ## 64           6.1         2.9          4.7         1.4 versicolor[] 
 []


Overfull \hbox (6.75pt too wide) in paragraph at lines 501--501
[]\TU/lmtt/m/n/10 ## 65           5.6         2.9          3.6         1.3 versicolor[] 
 []


Overfull \hbox (6.75pt too wide) in paragraph at lines 501--501
[]\TU/lmtt/m/n/10 ## 66           6.7         3.1          4.4         1.4 versicolor[] 
 []


Overfull \hbox (6.75pt too wide) in paragraph at lines 501--501
[]\TU/lmtt/m/n/10 ## 67           5.6         3.0          4.5         1.5 versicolor[] 
 []


Overfull \hbox (6.75pt too wide) in paragraph at lines 501--501
[]\TU/lmtt/m/n/10 ## 68           5.8         2.7          4.1         1.0 versicolor[] 
 []


Overfull \hbox (6.75pt too wide) in paragraph at lines 501--501
[]\TU/lmtt/m/n/10 ## 69           6.2         2.2          4.5         1.5 versicolor[] 
 []


Overfull \hbox (6.75pt too wide) in paragraph at lines 501--501
[]\TU/lmtt/m/n/10 ## 70           5.6         2.5          3.9         1.1 versicolor[] 
 []


Overfull \hbox (6.75pt too wide) in paragraph at lines 501--501
[]\TU/lmtt/m/n/10 ## 71           5.9         3.2          4.8         1.8 versicolor[] 
 []


Overfull \hbox (6.75pt too wide) in paragraph at lines 501--501
[]\TU/lmtt/m/n/10 ## 72           6.1         2.8          4.0         1.3 versicolor[] 
 []


Overfull \hbox (6.75pt too wide) in paragraph at lines 501--501
[]\TU/lmtt/m/n/10 ## 73           6.3         2.5          4.9         1.5 versicolor[] 
 []


Overfull \hbox (6.75pt too wide) in paragraph at lines 501--501
[]\TU/lmtt/m/n/10 ## 74           6.1         2.8          4.7         1.2 versicolor[] 
 []


Overfull \hbox (6.75pt too wide) in paragraph at lines 501--501
[]\TU/lmtt/m/n/10 ## 75           6.4         2.9          4.3         1.3 versicolor[] 
 []


Overfull \hbox (6.75pt too wide) in paragraph at lines 501--501
[]\TU/lmtt/m/n/10 ## 76           6.6         3.0          4.4         1.4 versicolor[] 
 []


Overfull \hbox (6.75pt too wide) in paragraph at lines 501--501
[]\TU/lmtt/m/n/10 ## 77           6.8         2.8          4.8         1.4 versicolor[] 
 []


Overfull \hbox (6.75pt too wide) in paragraph at lines 501--501
[]\TU/lmtt/m/n/10 ## 78           6.7         3.0          5.0         1.7 versicolor[] 
 []


Overfull \hbox (6.75pt too wide) in paragraph at lines 501--501
[]\TU/lmtt/m/n/10 ## 79           6.0         2.9          4.5         1.5 versicolor[] 
 []


Overfull \hbox (6.75pt too wide) in paragraph at lines 501--501
[]\TU/lmtt/m/n/10 ## 80           5.7         2.6          3.5         1.0 versicolor[] 
 []


Overfull \hbox (6.75pt too wide) in paragraph at lines 501--501
[]\TU/lmtt/m/n/10 ## 81           5.5         2.4          3.8         1.1 versicolor[] 
 []


Overfull \hbox (6.75pt too wide) in paragraph at lines 501--501
[]\TU/lmtt/m/n/10 ## 82           5.5         2.4          3.7         1.0 versicolor[] 
 []


Overfull \hbox (6.75pt too wide) in paragraph at lines 501--501
[]\TU/lmtt/m/n/10 ## 83           5.8         2.7          3.9         1.2 versicolor[] 
 []


Overfull \hbox (6.75pt too wide) in paragraph at lines 501--501
[]\TU/lmtt/m/n/10 ## 84           6.0         2.7          5.1         1.6 versicolor[] 
 []


Overfull \hbox (6.75pt too wide) in paragraph at lines 501--501
[]\TU/lmtt/m/n/10 ## 85           5.4         3.0          4.5         1.5 versicolor[] 
 []


Overfull \hbox (6.75pt too wide) in paragraph at lines 501--501
[]\TU/lmtt/m/n/10 ## 86           6.0         3.4          4.5         1.6 versicolor[] 
 []


Overfull \hbox (6.75pt too wide) in paragraph at lines 501--501
[]\TU/lmtt/m/n/10 ## 87           6.7         3.1          4.7         1.5 versicolor[] 
 []


Overfull \hbox (6.75pt too wide) in paragraph at lines 501--501
[]\TU/lmtt/m/n/10 ## 88           6.3         2.3          4.4         1.3 versicolor[] 
 []


Overfull \hbox (6.75pt too wide) in paragraph at lines 501--501
[]\TU/lmtt/m/n/10 ## 89           5.6         3.0          4.1         1.3 versicolor[] 
 []


Overfull \hbox (6.75pt too wide) in paragraph at lines 501--501
[]\TU/lmtt/m/n/10 ## 90           5.5         2.5          4.0         1.3 versicolor[] 
 []


Overfull \hbox (6.75pt too wide) in paragraph at lines 501--501
[]\TU/lmtt/m/n/10 ## 91           5.5         2.6          4.4         1.2 versicolor[] 
 []


Overfull \hbox (6.75pt too wide) in paragraph at lines 501--501
[]\TU/lmtt/m/n/10 ## 92           6.1         3.0          4.6         1.4 versicolor[] 
 []


Overfull \hbox (6.75pt too wide) in paragraph at lines 501--501
[]\TU/lmtt/m/n/10 ## 93           5.8         2.6          4.0         1.2 versicolor[] 
 []


Overfull \hbox (6.75pt too wide) in paragraph at lines 501--501
[]\TU/lmtt/m/n/10 ## 94           5.0         2.3          3.3         1.0 versicolor[] 
 []

[15]
Overfull \hbox (6.75pt too wide) in paragraph at lines 501--501
[]\TU/lmtt/m/n/10 ## 95           5.6         2.7          4.2         1.3 versicolor[] 
 []


Overfull \hbox (6.75pt too wide) in paragraph at lines 501--501
[]\TU/lmtt/m/n/10 ## 96           5.7         3.0          4.2         1.2 versicolor[] 
 []


Overfull \hbox (6.75pt too wide) in paragraph at lines 501--501
[]\TU/lmtt/m/n/10 ## 97           5.7         2.9          4.2         1.3 versicolor[] 
 []


Overfull \hbox (6.75pt too wide) in paragraph at lines 501--501
[]\TU/lmtt/m/n/10 ## 98           6.2         2.9          4.3         1.3 versicolor[] 
 []


Overfull \hbox (6.75pt too wide) in paragraph at lines 501--501
[]\TU/lmtt/m/n/10 ## 99           5.1         2.5          3.0         1.1 versicolor[] 
 []


Overfull \hbox (6.75pt too wide) in paragraph at lines 501--501
[]\TU/lmtt/m/n/10 ## 100          5.7         2.8          4.1         1.3 versicolor[] 
 []


Overfull \hbox (6.75pt too wide) in paragraph at lines 501--501
[]\TU/lmtt/m/n/10 ## 101          6.3         3.3          6.0         2.5  virginica[] 
 []


Overfull \hbox (6.75pt too wide) in paragraph at lines 501--501
[]\TU/lmtt/m/n/10 ## 102          5.8         2.7          5.1         1.9  virginica[] 
 []


Overfull \hbox (6.75pt too wide) in paragraph at lines 501--501
[]\TU/lmtt/m/n/10 ## 103          7.1         3.0          5.9         2.1  virginica[] 
 []


Overfull \hbox (6.75pt too wide) in paragraph at lines 501--501
[]\TU/lmtt/m/n/10 ## 104          6.3         2.9          5.6         1.8  virginica[] 
 []


Overfull \hbox (6.75pt too wide) in paragraph at lines 501--501
[]\TU/lmtt/m/n/10 ## 105          6.5         3.0          5.8         2.2  virginica[] 
 []


Overfull \hbox (6.75pt too wide) in paragraph at lines 501--501
[]\TU/lmtt/m/n/10 ## 106          7.6         3.0          6.6         2.1  virginica[] 
 []


Overfull \hbox (6.75pt too wide) in paragraph at lines 501--501
[]\TU/lmtt/m/n/10 ## 107          4.9         2.5          4.5         1.7  virginica[] 
 []


Overfull \hbox (6.75pt too wide) in paragraph at lines 501--501
[]\TU/lmtt/m/n/10 ## 108          7.3         2.9          6.3         1.8  virginica[] 
 []


Overfull \hbox (6.75pt too wide) in paragraph at lines 501--501
[]\TU/lmtt/m/n/10 ## 109          6.7         2.5          5.8         1.8  virginica[] 
 []


Overfull \hbox (6.75pt too wide) in paragraph at lines 501--501
[]\TU/lmtt/m/n/10 ## 110          7.2         3.6          6.1         2.5  virginica[] 
 []


Overfull \hbox (6.75pt too wide) in paragraph at lines 501--501
[]\TU/lmtt/m/n/10 ## 111          6.5         3.2          5.1         2.0  virginica[] 
 []


Overfull \hbox (6.75pt too wide) in paragraph at lines 501--501
[]\TU/lmtt/m/n/10 ## 112          6.4         2.7          5.3         1.9  virginica[] 
 []


Overfull \hbox (6.75pt too wide) in paragraph at lines 501--501
[]\TU/lmtt/m/n/10 ## 113          6.8         3.0          5.5         2.1  virginica[] 
 []


Overfull \hbox (6.75pt too wide) in paragraph at lines 501--501
[]\TU/lmtt/m/n/10 ## 114          5.7         2.5          5.0         2.0  virginica[] 
 []


Overfull \hbox (6.75pt too wide) in paragraph at lines 501--501
[]\TU/lmtt/m/n/10 ## 115          5.8         2.8          5.1         2.4  virginica[] 
 []


Overfull \hbox (6.75pt too wide) in paragraph at lines 501--501
[]\TU/lmtt/m/n/10 ## 116          6.4         3.2          5.3         2.3  virginica[] 
 []


Overfull \hbox (6.75pt too wide) in paragraph at lines 501--501
[]\TU/lmtt/m/n/10 ## 117          6.5         3.0          5.5         1.8  virginica[] 
 []


Overfull \hbox (6.75pt too wide) in paragraph at lines 501--501
[]\TU/lmtt/m/n/10 ## 118          7.7         3.8          6.7         2.2  virginica[] 
 []


Overfull \hbox (6.75pt too wide) in paragraph at lines 501--501
[]\TU/lmtt/m/n/10 ## 119          7.7         2.6          6.9         2.3  virginica[] 
 []


Overfull \hbox (6.75pt too wide) in paragraph at lines 501--501
[]\TU/lmtt/m/n/10 ## 120          6.0         2.2          5.0         1.5  virginica[] 
 []


Overfull \hbox (6.75pt too wide) in paragraph at lines 501--501
[]\TU/lmtt/m/n/10 ## 121          6.9         3.2          5.7         2.3  virginica[] 
 []


Overfull \hbox (6.75pt too wide) in paragraph at lines 501--501
[]\TU/lmtt/m/n/10 ## 122          5.6         2.8          4.9         2.0  virginica[] 
 []


Overfull \hbox (6.75pt too wide) in paragraph at lines 501--501
[]\TU/lmtt/m/n/10 ## 123          7.7         2.8          6.7         2.0  virginica[] 
 []


Overfull \hbox (6.75pt too wide) in paragraph at lines 501--501
[]\TU/lmtt/m/n/10 ## 124          6.3         2.7          4.9         1.8  virginica[] 
 []


Overfull \hbox (6.75pt too wide) in paragraph at lines 501--501
[]\TU/lmtt/m/n/10 ## 125          6.7         3.3          5.7         2.1  virginica[] 
 []


Overfull \hbox (6.75pt too wide) in paragraph at lines 501--501
[]\TU/lmtt/m/n/10 ## 126          7.2         3.2          6.0         1.8  virginica[] 
 []


Overfull \hbox (6.75pt too wide) in paragraph at lines 501--501
[]\TU/lmtt/m/n/10 ## 127          6.2         2.8          4.8         1.8  virginica[] 
 []


Overfull \hbox (6.75pt too wide) in paragraph at lines 501--501
[]\TU/lmtt/m/n/10 ## 128          6.1         3.0          4.9         1.8  virginica[] 
 []


Overfull \hbox (6.75pt too wide) in paragraph at lines 501--501
[]\TU/lmtt/m/n/10 ## 129          6.4         2.8          5.6         2.1  virginica[] 
 []


Overfull \hbox (6.75pt too wide) in paragraph at lines 501--501
[]\TU/lmtt/m/n/10 ## 130          7.2         3.0          5.8         1.6  virginica[] 
 []


Overfull \hbox (6.75pt too wide) in paragraph at lines 501--501
[]\TU/lmtt/m/n/10 ## 131          7.4         2.8          6.1         1.9  virginica[] 
 []


Overfull \hbox (6.75pt too wide) in paragraph at lines 501--501
[]\TU/lmtt/m/n/10 ## 132          7.9         3.8          6.4         2.0  virginica[] 
 []


Overfull \hbox (6.75pt too wide) in paragraph at lines 501--501
[]\TU/lmtt/m/n/10 ## 133          6.4         2.8          5.6         2.2  virginica[] 
 []


Overfull \hbox (6.75pt too wide) in paragraph at lines 501--501
[]\TU/lmtt/m/n/10 ## 134          6.3         2.8          5.1         1.5  virginica[] 
 []


Overfull \hbox (6.75pt too wide) in paragraph at lines 501--501
[]\TU/lmtt/m/n/10 ## 135          6.1         2.6          5.6         1.4  virginica[] 
 []


Overfull \hbox (6.75pt too wide) in paragraph at lines 501--501
[]\TU/lmtt/m/n/10 ## 136          7.7         3.0          6.1         2.3  virginica[] 
 []


Overfull \hbox (6.75pt too wide) in paragraph at lines 501--501
[]\TU/lmtt/m/n/10 ## 137          6.3         3.4          5.6         2.4  virginica[] 
 []


Overfull \hbox (6.75pt too wide) in paragraph at lines 501--501
[]\TU/lmtt/m/n/10 ## 138          6.4         3.1          5.5         1.8  virginica[] 
 []


Overfull \hbox (6.75pt too wide) in paragraph at lines 501--501
[]\TU/lmtt/m/n/10 ## 139          6.0         3.0          4.8         1.8  virginica[] 
 []


Overfull \hbox (6.75pt too wide) in paragraph at lines 501--501
[]\TU/lmtt/m/n/10 ## 140          6.9         3.1          5.4         2.1  virginica[] 
 []


Overfull \hbox (253.43347pt too wide) has occurred while \output is active
\TU/lmr/m/n/10 16 \TU/lmr/m/sl/10 CHAPTER 4.  DESCRIPTIVE STATISTICS. PARAMETRIC AND NO PARAMETRIC, LINEAR REGRESSION, AMONG OTHERS
 []

[16]
Overfull \hbox (6.75pt too wide) in paragraph at lines 501--501
[]\TU/lmtt/m/n/10 ## 141          6.7         3.1          5.6         2.4  virginica[] 
 []


Overfull \hbox (6.75pt too wide) in paragraph at lines 501--501
[]\TU/lmtt/m/n/10 ## 142          6.9         3.1          5.1         2.3  virginica[] 
 []


Overfull \hbox (6.75pt too wide) in paragraph at lines 501--501
[]\TU/lmtt/m/n/10 ## 143          5.8         2.7          5.1         1.9  virginica[] 
 []


Overfull \hbox (6.75pt too wide) in paragraph at lines 501--501
[]\TU/lmtt/m/n/10 ## 144          6.8         3.2          5.9         2.3  virginica[] 
 []


Overfull \hbox (6.75pt too wide) in paragraph at lines 501--501
[]\TU/lmtt/m/n/10 ## 145          6.7         3.3          5.7         2.5  virginica[] 
 []


Overfull \hbox (6.75pt too wide) in paragraph at lines 501--501
[]\TU/lmtt/m/n/10 ## 146          6.7         3.0          5.2         2.3  virginica[] 
 []


Overfull \hbox (6.75pt too wide) in paragraph at lines 501--501
[]\TU/lmtt/m/n/10 ## 147          6.3         2.5          5.0         1.9  virginica[] 
 []


Overfull \hbox (6.75pt too wide) in paragraph at lines 501--501
[]\TU/lmtt/m/n/10 ## 148          6.5         3.0          5.2         2.0  virginica[] 
 []


Overfull \hbox (6.75pt too wide) in paragraph at lines 501--501
[]\TU/lmtt/m/n/10 ## 149          6.2         3.4          5.4         2.3  virginica[] 
 []


Overfull \hbox (6.75pt too wide) in paragraph at lines 501--501
[]\TU/lmtt/m/n/10 ## 150          5.9         3.0          5.1         1.8  virginica[] 
 []


LaTeX Font Warning: Font shape `TU/lmtt/bx/it' in size <10> not available
(Font)              Font shape `TU/lmtt/b/sl' tried instead on input line 507.

[17]
Overfull \hbox (253.43347pt too wide) has occurred while \output is active
\TU/lmr/m/n/10 18 \TU/lmr/m/sl/10 CHAPTER 4.  DESCRIPTIVE STATISTICS. PARAMETRIC AND NO PARAMETRIC, LINEAR REGRESSION, AMONG OTHERS
 []

[18

]
Chapter 5.
[19]
Overfull \hbox (67.23453pt too wide) has occurred while \output is active
\TU/lmr/m/n/10 20 \TU/lmr/m/sl/10 CHAPTER 5.  VISUALIZATION. GRAPHICS AND MAPS USING MODERN PACKAGES
 []

[20

]
Chapter 6.
[21] [22

]
Chapter 7.
[23] (./_main.bbl [24]) [25

] (./_main.aux)

LaTeX Warning: There were undefined references.

 ) 
Here is how much of TeX's memory you used:
 19219 strings out of 478761
 356722 string characters out of 5848547
 1878991 words of memory out of 5000000
 38958 multiletter control sequences out of 15000+600000
 518794 words of font info for 92 fonts, out of 8000000 for 9000
 14 hyphenation exceptions out of 8191
 86i,8n,121p,1002b,767s stack positions out of 10000i,1000n,20000p,200000b,200000s

Output written on _main.pdf (25 pages).
